d:\school\semester 5\cpe 462\opengl_3dto2d github\opengl_3dto2d\debug\vc120.pdb
d:\school\semester 5\cpe 462\opengl_3dto2d github\opengl_3dto2d\debug\vc120.idb
d:\school\semester 5\cpe 462\opengl_3dto2d github\opengl_3dto2d\debug\camera.obj
d:\school\semester 5\cpe 462\opengl_3dto2d github\opengl_3dto2d\debug\mesh.obj
d:\school\semester 5\cpe 462\opengl_3dto2d github\opengl_3dto2d\debug\shader.obj
d:\school\semester 5\cpe 462\opengl_3dto2d github\opengl_3dto2d\debug\source.obj
d:\school\semester 5\cpe 462\opengl_3dto2d github\opengl_3dto2d\debug\texture.obj
d:\school\semester 5\cpe 462\opengl_3dto2d github\opengl_3dto2d\debug\transform.obj
d:\school\semester 5\cpe 462\opengl_3dto2d github\opengl_3dto2d\debug\display.obj
d:\school\semester 5\cpe 462\opengl_3dto2d github\opengl_3dto2d\debug\model.obj
d:\school\semester 5\cpe 462\opengl_3dto2d github\opengl_3dto2d\debug\stb_image.obj
d:\school\semester 5\cpe 462\opengl_3dto2d github\debug\opengl_3dto2d.ilk
d:\school\semester 5\cpe 462\opengl_3dto2d github\debug\opengl_3dto2d.exe
d:\school\semester 5\cpe 462\opengl_3dto2d github\debug\opengl_3dto2d.pdb
d:\school\semester 5\cpe 462\opengl_3dto2d github\opengl_3dto2d\debug\opengl_3dto2d.tlog\cl.command.1.tlog
d:\school\semester 5\cpe 462\opengl_3dto2d github\opengl_3dto2d\debug\opengl_3dto2d.tlog\cl.read.1.tlog
d:\school\semester 5\cpe 462\opengl_3dto2d github\opengl_3dto2d\debug\opengl_3dto2d.tlog\cl.write.1.tlog
d:\school\semester 5\cpe 462\opengl_3dto2d github\opengl_3dto2d\debug\opengl_3dto2d.tlog\link.command.1.tlog
d:\school\semester 5\cpe 462\opengl_3dto2d github\opengl_3dto2d\debug\opengl_3dto2d.tlog\link.read.1.tlog
d:\school\semester 5\cpe 462\opengl_3dto2d github\opengl_3dto2d\debug\opengl_3dto2d.tlog\link.write.1.tlog
