Build started 4/19/2018 6:30:53 PM.
     1>Project "D:\School\Semester 5\CPE 462\OpenGL_3Dto2D\OpenGL_3Dto2D\OpenGL_3Dto2D.vcxproj" on node 2 (Build target(s)).
     1>ClCompile:
         C:\Program Files (x86)\Microsoft Visual Studio 12.0\VC\bin\CL.exe /c /Zi /nologo /W3 /WX- /O2 /Oi /Oy- /GL /D WIN32 /D NDEBUG /D _CONSOLE /D _LIB /D _UNICODE /D UNICODE /Gm- /EHsc /MD /GS /Gy /fp:precise /Zc:wchar_t /Zc:forScope /Fo"Release\\" /Fd"Release\vc120.pdb" /Gd /TP /analyze- /errorReport:prompt camera.cpp display.cpp mesh.cpp shader.cpp Source.cpp texture.cpp transform.cpp
         camera.cpp
     1>d:\school\semester 5\cpe 462\opengl_3dto2d\opengl_3dto2d\camera.h(3): fatal error C1083: Cannot open include file: 'GLM\glm\glm.hpp': No such file or directory
         display.cpp
     1>d:\school\semester 5\cpe 462\opengl_3dto2d\opengl_3dto2d\display.h(3): fatal error C1083: Cannot open include file: 'SDL2\SDL.h': No such file or directory
         mesh.cpp
     1>d:\school\semester 5\cpe 462\opengl_3dto2d\opengl_3dto2d\mesh.h(3): fatal error C1083: Cannot open include file: 'GLM\glm\glm.hpp': No such file or directory
         shader.cpp
     1>d:\school\semester 5\cpe 462\opengl_3dto2d\opengl_3dto2d\shader.h(4): fatal error C1083: Cannot open include file: 'GLEW\glew.h': No such file or directory
         Source.cpp
     1>Source.cpp(2): fatal error C1083: Cannot open include file: 'GLEW\glew.h': No such file or directory
         texture.cpp
     1>d:\school\semester 5\cpe 462\opengl_3dto2d\opengl_3dto2d\texture.h(4): fatal error C1083: Cannot open include file: 'GLEW\glew.h': No such file or directory
         transform.cpp
     1>d:\school\semester 5\cpe 462\opengl_3dto2d\opengl_3dto2d\transform.h(3): fatal error C1083: Cannot open include file: 'GLM\glm\glm.hpp': No such file or directory
     1>Done Building Project "D:\School\Semester 5\CPE 462\OpenGL_3Dto2D\OpenGL_3Dto2D\OpenGL_3Dto2D.vcxproj" (Build target(s)) -- FAILED.

Build FAILED.

Time Elapsed 00:00:00.86
